Working directory is /users/iab533/scratch/HIPC-Assignment/maxwell
Running job on host
	 node002.pri.viking.alces.network at Fri 1 Apr 18:19:21 BST 2022

/var/spool/slurmdspool/job17536346/slurm_script: line 18: /users/iab533/scratch/HIPC-Assignment/maxwell/maxwell: No such file or directory

Job finished at Fri 1 Apr 18:19:23 BST 2022

============================
 Job utilisation efficiency
============================

Job ID: 17536346
Cluster: viking
User/Group: iab533/clusterusers
State: COMPLETED (exit code 0)
Cores: 1
CPU Utilized: 00:00:01
CPU Efficiency: 50.00% of 00:00:02 core-walltime
Job Wall-clock time: 00:00:02
Memory Utilized: 1.21 MB
Memory Efficiency: 0.06% of 2.00 GB
 Requested wall clock time: 00:10:00
    Actual wall clock time: 00:00:02
Wall clock time efficiency: 0.3%
           Job queued time: 00:00:35
